<?xml version="1.0" encoding="UTF-8"?>
<!-- Generated by org.testng.reporters.JUnitXMLReporter -->
<testsuite ignored="0" hostname="WKWIN5154091" failures="0" tests="3" name="Default test" time="7.7" errors="0" timestamp="28 Sep 2019 12:05:19 GMT">
  <testcase classname="com.qa.test.CustomerRegistrationPost" name="createCustomerTest" time="4.041"/>
  <testcase classname="com.qa.test.CustomerRegistrationPost" name="createCustomerTest" time="1.779"/>
  <testcase classname="com.qa.test.CustomerRegistrationPost" name="createCustomerTest" time="1.307"/>
</testsuite> <!-- Default test -->
